c:\users\kunal\desktop\game ai\game307_studenttemplate\debug\vc143.pdb
c:\users\kunal\desktop\game ai\game307_studenttemplate\debug\vc143.idb
c:\users\kunal\desktop\game ai\game307_studenttemplate\debug\window.obj
c:\users\kunal\desktop\game ai\game307_studenttemplate\debug\timer.obj
c:\users\kunal\desktop\game ai\game307_studenttemplate\debug\steeringoutput.obj
c:\users\kunal\desktop\game ai\game307_studenttemplate\debug\kinematicbody.obj
c:\users\kunal\desktop\game ai\game307_studenttemplate\debug\scene1.obj
c:\users\kunal\desktop\game ai\game307_studenttemplate\debug\playerbody.obj
c:\users\kunal\desktop\game ai\game307_studenttemplate\debug\main.obj
c:\users\kunal\desktop\game ai\game307_studenttemplate\debug\gamemanager.obj
c:\users\kunal\desktop\game ai\game307_studenttemplate\debug\character.obj
c:\users\kunal\desktop\game ai\game307_studenttemplate\debug\body.obj
c:\users\kunal\desktop\game ai\game307_studenttemplate\debug\staticbody.obj
c:\users\kunal\desktop\game ai\game307_studenttemplate\debug\kinematicsteeringoutput.obj
c:\users\kunal\desktop\game ai\game307_studenttemplate\debug\kinematicseek.obj
c:\users\kunal\desktop\game ai\game307_studenttemplate\debug\steeringbehaviour.obj
c:\users\kunal\desktop\game ai\game307_studenttemplate\debug\seek.obj
c:\users\kunal\desktop\game ai\debug\game307_studenttemplate.exe
c:\users\kunal\desktop\game ai\game307_studenttemplate\debug\game307_studenttemplate.ilk
c:\users\kunal\desktop\game ai\debug\game307_studenttemplate.pdb
c:\users\kunal\desktop\game ai\game307_studenttemplate\debug\game307_.43aaaf36.tlog\cl.command.1.tlog
c:\users\kunal\desktop\game ai\game307_studenttemplate\debug\game307_.43aaaf36.tlog\cl.items.tlog
c:\users\kunal\desktop\game ai\game307_studenttemplate\debug\game307_.43aaaf36.tlog\cl.read.1.tlog
c:\users\kunal\desktop\game ai\game307_studenttemplate\debug\game307_.43aaaf36.tlog\cl.write.1.tlog
c:\users\kunal\desktop\game ai\game307_studenttemplate\debug\game307_.43aaaf36.tlog\link.command.1.tlog
c:\users\kunal\desktop\game ai\game307_studenttemplate\debug\game307_.43aaaf36.tlog\link.read.1.tlog
c:\users\kunal\desktop\game ai\game307_studenttemplate\debug\game307_.43aaaf36.tlog\link.write.1.tlog
