g:\winter2024\componentframework24.0.2 vulkan\componentframework\debug\vc143.pdb
g:\winter2024\componentframework24.0.2 vulkan\componentframework\debug\vc143.idb
g:\winter2024\componentframework24.0.2 vulkan\componentframework\debug\vulkanrenderer.obj
g:\winter2024\componentframework24.0.2 vulkan\componentframework\debug\timer.obj
g:\winter2024\componentframework24.0.2 vulkan\componentframework\debug\scene0.obj
g:\winter2024\componentframework24.0.2 vulkan\componentframework\debug\main.obj
g:\winter2024\componentframework24.0.2 vulkan\componentframework\debug\scenemanager.obj
g:\winter2024\componentframework24.0.2 vulkan\componentframework\debug\openglrenderer.obj
g:\winter2024\componentframework24.0.2 vulkan\componentframework\debug\debug.obj
g:\winter2024\componentframework24.0.2 vulkan\componentframework\debug\camera.obj
g:\winter2024\componentframework24.0.2 vulkan\debug\componentframework.exe
g:\winter2024\componentframework24.0.2 vulkan\componentframework\debug\componentframework.ilk
g:\winter2024\componentframework24.0.2 vulkan\debug\componentframework.pdb
g:\winter2024\componentframework24.0.2 vulkan\componentframework\debug\componen.614c2865.tlog\cl.command.1.tlog
g:\winter2024\componentframework24.0.2 vulkan\componentframework\debug\componen.614c2865.tlog\cl.items.tlog
g:\winter2024\componentframework24.0.2 vulkan\componentframework\debug\componen.614c2865.tlog\cl.read.1.tlog
g:\winter2024\componentframework24.0.2 vulkan\componentframework\debug\componen.614c2865.tlog\cl.write.1.tlog
g:\winter2024\componentframework24.0.2 vulkan\componentframework\debug\componen.614c2865.tlog\link.command.1.tlog
g:\winter2024\componentframework24.0.2 vulkan\componentframework\debug\componen.614c2865.tlog\link.read.1.tlog
g:\winter2024\componentframework24.0.2 vulkan\componentframework\debug\componen.614c2865.tlog\link.write.1.tlog
