c:\users\sirch\desktop\code\templateframework\componentframework\debug\vc143.pdb
c:\users\sirch\desktop\code\templateframework\componentframework\debug\vc143.idb
c:\users\sirch\desktop\code\templateframework\componentframework\debug\window.obj
c:\users\sirch\desktop\code\templateframework\componentframework\debug\transformcomponent.obj
c:\users\sirch\desktop\code\templateframework\componentframework\debug\timer.obj
c:\users\sirch\desktop\code\templateframework\componentframework\debug\texture.obj
c:\users\sirch\desktop\code\templateframework\componentframework\debug\shadercomponent.obj
c:\users\sirch\desktop\code\templateframework\componentframework\debug\scenemanager.obj
c:\users\sirch\desktop\code\templateframework\componentframework\debug\scene0.obj
c:\users\sirch\desktop\code\templateframework\componentframework\debug\meshcomponent.obj
c:\users\sirch\desktop\code\templateframework\componentframework\debug\materialcomponent.obj
c:\users\sirch\desktop\code\templateframework\componentframework\debug\main.obj
c:\users\sirch\desktop\code\templateframework\componentframework\debug\debug.obj
c:\users\sirch\desktop\code\templateframework\componentframework\debug\cameraactor.obj
c:\users\sirch\desktop\code\templateframework\componentframework\debug\actor.obj
c:\users\sirch\desktop\code\templateframework\componentframework\debug\lightactor.obj
c:\users\sirch\desktop\code\templateframework\debug\componentframework.exe
c:\users\sirch\desktop\code\templateframework\componentframework\debug\componentframework.ilk
c:\users\sirch\desktop\code\templateframework\debug\componentframework.pdb
c:\users\sirch\desktop\code\templateframework\componentframework\debug\body.obj
c:\users\sirch\desktop\code\templateframework\componentframework\debug\shader.obj
c:\users\sirch\desktop\code\templateframework\componentframework\debug\vector.obj
c:\users\sirch\desktop\code\templateframework\componentframework\debug\componen.614c2865.tlog\cl.command.1.tlog
c:\users\sirch\desktop\code\templateframework\componentframework\debug\componen.614c2865.tlog\cl.items.tlog
c:\users\sirch\desktop\code\templateframework\componentframework\debug\componen.614c2865.tlog\cl.read.1.tlog
c:\users\sirch\desktop\code\templateframework\componentframework\debug\componen.614c2865.tlog\cl.write.1.tlog
c:\users\sirch\desktop\code\templateframework\componentframework\debug\componen.614c2865.tlog\link.command.1.tlog
c:\users\sirch\desktop\code\templateframework\componentframework\debug\componen.614c2865.tlog\link.read.1.tlog
c:\users\sirch\desktop\code\templateframework\componentframework\debug\componen.614c2865.tlog\link.write.1.tlog
